<?xml version="1.0" encoding="UTF-8"?>
<!-- Generated by org.testng.reporters.JUnitReportReporter -->
<testsuite hostname="DESKTOP-5F5KD8L" failures="0" tests="4" name="validation.verifyclass" time="7.910" errors="0" timestamp="2023-04-01T14:57:12 IST" skipped="0">
  <testcase classname="validation.verifyclass" name="home" time="1.084"/>
  <system-out/>
  <testcase classname="validation.verifyclass" name="custdetails" time="1.134"/>
  <system-out/>
  <testcase classname="validation.verifyclass" name="managerlogin" time="2.149"/>
  <system-out/>
  <testcase classname="validation.verifyclass" name="seondmanager" time="3.543"/>
  <system-out/>
</testsuite> <!-- validation.verifyclass -->
